#! /usr/local/bin/vvp
:ivl_version "10.1 (stable)";
:ivl_delay_selection "TYPICAL";
:vpi_time_precision + 0;
:vpi_module "system";
:vpi_module "vhdl_sys";
:vpi_module "v2005_math";
:vpi_module "va_math";
:vpi_module "v2009";
S_00000000011eead0 .scope module, "and_n2t_tb" "and_n2t_tb" 2 3;
 .timescale 0 0;
v00000000011eda40_0 .var "a", 0 0;
v00000000011edae0_0 .var "b", 0 0;
v00000000011edb80_0 .var "expected", 0 0;
v00000000011edc20_0 .net "out", 0 0, L_00000000011edd30;  1 drivers
S_00000000011eec50 .scope module, "tested_intance" "and_n2t" 2 10, 3 1 0, S_00000000011eead0;
 .timescale 0 0;
    .port_info 0 /OUTPUT 1 "out"
    .port_info 1 /INPUT 1 "a"
    .port_info 2 /INPUT 1 "b"
L_00000000011edcc0 .functor NAND 1, v00000000011eda40_0, v00000000011edae0_0, C4<1>, C4<1>;
L_00000000011edd30 .functor NOT 1, L_00000000011edcc0, C4<0>, C4<0>, C4<0>;
v00000000011eedd0_0 .net "a", 0 0, v00000000011eda40_0;  1 drivers
v00000000011ed860_0 .net "b", 0 0, v00000000011edae0_0;  1 drivers
v00000000011ed900_0 .net "nand_a_b", 0 0, L_00000000011edcc0;  1 drivers
v00000000011ed9a0_0 .net "out", 0 0, L_00000000011edd30;  alias, 1 drivers
    .scope S_00000000011eead0;
T_0 ;
    %pushi/vec4 0, 0, 1;
    %store/vec4 v00000000011eda40_0, 0, 1;
    %pushi/vec4 0, 0, 1;
    %store/vec4 v00000000011edae0_0, 0, 1;
    %pushi/vec4 0, 0, 1;
    %store/vec4 v00000000011edb80_0, 0, 1;
    %delay 10, 0;
    %pushi/vec4 0, 0, 1;
    %store/vec4 v00000000011eda40_0, 0, 1;
    %pushi/vec4 1, 0, 1;
    %store/vec4 v00000000011edae0_0, 0, 1;
    %pushi/vec4 0, 0, 1;
    %store/vec4 v00000000011edb80_0, 0, 1;
    %delay 10, 0;
    %pushi/vec4 1, 0, 1;
    %store/vec4 v00000000011eda40_0, 0, 1;
    %pushi/vec4 0, 0, 1;
    %store/vec4 v00000000011edae0_0, 0, 1;
    %pushi/vec4 0, 0, 1;
    %store/vec4 v00000000011edb80_0, 0, 1;
    %delay 10, 0;
    %pushi/vec4 1, 0, 1;
    %store/vec4 v00000000011eda40_0, 0, 1;
    %pushi/vec4 1, 0, 1;
    %store/vec4 v00000000011edae0_0, 0, 1;
    %pushi/vec4 1, 0, 1;
    %store/vec4 v00000000011edb80_0, 0, 1;
    %end;
    .thread T_0;
# The file index is used to find the file name in the following table.
:file_names 4;
    "N/A";
    "<interactive>";
    "c:/dev/nand2tetris/n2t/01/and_n2t_tb.sv";
    "./and_n2t.sv";
