Flow report for Hack
Sat Nov 30 11:01:12 2019
Quartus Prime Version 18.1.0 Build 625 09/12/2018 SJ Lite Edition


---------------------
; Table of Contents ;
---------------------
  1. Legal Notice
  2. Flow Summary
  3. Flow Settings
  4. Flow Non-Default Global Settings
  5. Flow Elapsed Time
  6. Flow OS Summary
  7. Flow Log
  8. Flow Messages
  9. Flow Suppressed Messages



----------------
; Legal Notice ;
----------------
Copyright (C) 2018  Intel Corporation. All rights reserved.
Your use of Intel Corporation's design tools, logic functions 
and other software and tools, and its AMPP partner logic 
functions, and any output files from any of the foregoing 
(including device programming or simulation files), and any 
associated documentation or information are expressly subject 
to the terms and conditions of the Intel Program License 
Subscription Agreement, the Intel Quartus Prime License Agreement,
the Intel FPGA IP License Agreement, or other applicable license
agreement, including, without limitation, that your use is for
the sole purpose of programming logic devices manufactured by
Intel and sold by Intel or its authorized distributors.  Please
refer to the applicable agreement for further details.



+-------------------------------------------------------------------------------+
; Flow Summary                                                                  ;
+---------------------------------+---------------------------------------------+
; Flow Status                     ; Successful - Sat Nov 30 11:01:04 2019       ;
; Quartus Prime Version           ; 18.1.0 Build 625 09/12/2018 SJ Lite Edition ;
; Revision Name                   ; Hack                                        ;
; Top-level Entity Name           ; sys_top                                     ;
; Family                          ; Cyclone V                                   ;
; Device                          ; 5CSEBA6U23I7                                ;
; Timing Models                   ; Final                                       ;
; Logic utilization (in ALMs)     ; 4,090 / 41,910 ( 10 % )                     ;
; Total registers                 ; 6301                                        ;
; Total pins                      ; 134 / 314 ( 43 % )                          ;
; Total virtual pins              ; 0                                           ;
; Total block memory bits         ; 234,708 / 5,662,720 ( 4 % )                 ;
; Total DSP Blocks                ; 19 / 112 ( 17 % )                           ;
; Total HSSI RX PCSs              ; 0                                           ;
; Total HSSI PMA RX Deserializers ; 0                                           ;
; Total HSSI TX PCSs              ; 0                                           ;
; Total HSSI PMA TX Serializers   ; 0                                           ;
; Total PLLs                      ; 2 / 6 ( 33 % )                              ;
; Total DLLs                      ; 0 / 4 ( 0 % )                               ;
+---------------------------------+---------------------------------------------+


+-----------------------------------------+
; Flow Settings                           ;
+-------------------+---------------------+
; Option            ; Setting             ;
+-------------------+---------------------+
; Start date & time ; 11/30/2019 10:54:31 ;
; Main task         ; Compilation         ;
; Revision Name     ; Hack                ;
+-------------------+---------------------+


+-------------------------------------------------------------------------------------------------------------------------------+
; Flow Non-Default Global Settings                                                                                              ;
+--------------------------------------+----------------------------------------+--------------------+-------------+------------+
; Assignment Name                      ; Value                                  ; Default Value      ; Entity Name ; Section Id ;
+--------------------------------------+----------------------------------------+--------------------+-------------+------------+
; COMPILER_SIGNATURE_ID                ; 229335800732101.157510767120184        ; --                 ; --          ; --         ;
; FINAL_PLACEMENT_OPTIMIZATION         ; Always                                 ; Automatically      ; --          ; --         ;
; FITTER_EFFORT                        ; Standard Fit                           ; Auto Fit           ; --          ; --         ;
; MAX_CORE_JUNCTION_TEMP               ; 100                                    ; --                 ; --          ; --         ;
; MIN_CORE_JUNCTION_TEMP               ; -40                                    ; --                 ; --          ; --         ;
; MISC_FILE                            ; sys/pll.cmp                            ; --                 ; --          ; --         ;
; MISC_FILE                            ; sys/pll_hdmi.cmp                       ; --                 ; --          ; --         ;
; MISC_FILE                            ; sys/pll_hdmi_cfg.cmp                   ; --                 ; --          ; --         ;
; NUM_PARALLEL_PROCESSORS              ; All                                    ; --                 ; --          ; --         ;
; OPTIMIZE_POWER_DURING_FITTING        ; Off                                    ; Normal compilation ; --          ; --         ;
; PARTITION_COLOR                      ; -- (Not supported for targeted family) ; --                 ; sys_top     ; Top        ;
; PARTITION_FITTER_PRESERVATION_LEVEL  ; -- (Not supported for targeted family) ; --                 ; sys_top     ; Top        ;
; PARTITION_NETLIST_TYPE               ; -- (Not supported for targeted family) ; --                 ; sys_top     ; Top        ;
; POWER_BOARD_THERMAL_MODEL            ; None (CONSERVATIVE)                    ; --                 ; --          ; --         ;
; POWER_PRESET_COOLING_SOLUTION        ; 23 MM HEAT SINK WITH 200 LFPM AIRFLOW  ; --                 ; --          ; --         ;
; PRE_FLOW_SCRIPT_FILE                 ; quartus_sh:sys/build_id.tcl            ; --                 ; --          ; --         ;
; PROJECT_OUTPUT_DIRECTORY             ; output_files                           ; --                 ; --          ; --         ;
; SAVE_DISK_SPACE                      ; Off                                    ; On                 ; --          ; --         ;
; SMART_RECOMPILE                      ; On                                     ; Off                ; --          ; --         ;
; SYNTHESIS_ONLY_QIP                   ; On                                     ; --                 ; --          ; --         ;
; SYNTHESIS_ONLY_QIP                   ; On                                     ; --                 ; --          ; --         ;
; SYNTHESIS_ONLY_QIP                   ; On                                     ; --                 ; --          ; --         ;
; TIMING_ANALYZER_MULTICORNER_ANALYSIS ; Off                                    ; On                 ; --          ; --         ;
; TOP_LEVEL_ENTITY                     ; sys_top                                ; Hack               ; --          ; --         ;
+--------------------------------------+----------------------------------------+--------------------+-------------+------------+


+--------------------------------------------------------------------------------------------------------------------------+
; Flow Elapsed Time                                                                                                        ;
+----------------------+--------------+-------------------------+---------------------+------------------------------------+
; Module Name          ; Elapsed Time ; Average Processors Used ; Peak Virtual Memory ; Total CPU Time (on all processors) ;
+----------------------+--------------+-------------------------+---------------------+------------------------------------+
; Analysis & Synthesis ; 00:03:16     ; 1.6                     ; 6395 MB             ; 00:04:06                           ;
; Fitter               ; 00:02:49     ; 1.3                     ; 7152 MB             ; 00:06:19                           ;
; Assembler            ; 00:00:18     ; 1.0                     ; 4921 MB             ; 00:00:16                           ;
; Timing Analyzer      ; 00:00:06     ; 1.2                     ; 5059 MB             ; 00:00:07                           ;
; Total                ; 00:06:29     ; --                      ; --                  ; 00:10:48                           ;
+----------------------+--------------+-------------------------+---------------------+------------------------------------+


+------------------------------------------------------------------------------------+
; Flow OS Summary                                                                    ;
+----------------------+------------------+------------+------------+----------------+
; Module Name          ; Machine Hostname ; OS Name    ; OS Version ; Processor type ;
+----------------------+------------------+------------+------------+----------------+
; Analysis & Synthesis ; DESKTOP-1UU8NIO  ; Windows 10 ; 10.0       ; x86_64         ;
; Fitter               ; DESKTOP-1UU8NIO  ; Windows 10 ; 10.0       ; x86_64         ;
; Assembler            ; DESKTOP-1UU8NIO  ; Windows 10 ; 10.0       ; x86_64         ;
; Timing Analyzer      ; DESKTOP-1UU8NIO  ; Windows 10 ; 10.0       ; x86_64         ;
+----------------------+------------------+------------+------------+----------------+


------------
; Flow Log ;
------------
quartus_map --read_settings_files=on --write_settings_files=off HACK -c Hack
quartus_fit --read_settings_files=off --write_settings_files=off HACK -c Hack
quartus_asm --read_settings_files=off --write_settings_files=off HACK -c Hack
quartus_sta HACK -c Hack



