Assembler report for Hack
Sat Nov 30 11:01:04 2019
Quartus Prime Version 18.1.0 Build 625 09/12/2018 SJ Lite Edition


---------------------
; Table of Contents ;
---------------------
  1. Legal Notice
  2. Assembler Summary
  3. Assembler Settings
  4. Assembler Generated Files
  5. Assembler Device Options: C:/dev/newnand3/nand2tetris-verilog/output_files/Hack.sof
  6. Assembler Device Options: C:/dev/newnand3/nand2tetris-verilog/output_files/Hack.rbf
  7. Assembler Messages



----------------
; Legal Notice ;
----------------
Copyright (C) 2018  Intel Corporation. All rights reserved.
Your use of Intel Corporation's design tools, logic functions 
and other software and tools, and its AMPP partner logic 
functions, and any output files from any of the foregoing 
(including device programming or simulation files), and any 
associated documentation or information are expressly subject 
to the terms and conditions of the Intel Program License 
Subscription Agreement, the Intel Quartus Prime License Agreement,
the Intel FPGA IP License Agreement, or other applicable license
agreement, including, without limitation, that your use is for
the sole purpose of programming logic devices manufactured by
Intel and sold by Intel or its authorized distributors.  Please
refer to the applicable agreement for further details.



+---------------------------------------------------------------+
; Assembler Summary                                             ;
+-----------------------+---------------------------------------+
; Assembler Status      ; Successful - Sat Nov 30 11:01:04 2019 ;
; Revision Name         ; Hack                                  ;
; Top-level Entity Name ; sys_top                               ;
; Family                ; Cyclone V                             ;
; Device                ; 5CSEBA6U23I7                          ;
+-----------------------+---------------------------------------+


+----------------------------------+
; Assembler Settings               ;
+--------+---------+---------------+
; Option ; Setting ; Default Value ;
+--------+---------+---------------+


+-----------------------------------------------------------+
; Assembler Generated Files                                 ;
+-----------------------------------------------------------+
; File Name                                                 ;
+-----------------------------------------------------------+
; C:/dev/newnand3/nand2tetris-verilog/output_files/Hack.sof ;
; C:/dev/newnand3/nand2tetris-verilog/output_files/Hack.rbf ;
+-----------------------------------------------------------+


+-------------------------------------------------------------------------------------+
; Assembler Device Options: C:/dev/newnand3/nand2tetris-verilog/output_files/Hack.sof ;
+----------------+--------------------------------------------------------------------+
; Option         ; Setting                                                            ;
+----------------+--------------------------------------------------------------------+
; JTAG usercode  ; 0x01E4E7F8                                                         ;
; Checksum       ; 0x01E4E7F8                                                         ;
+----------------+--------------------------------------------------------------------+


+-------------------------------------------------------------------------------------+
; Assembler Device Options: C:/dev/newnand3/nand2tetris-verilog/output_files/Hack.rbf ;
+---------------------+---------------------------------------------------------------+
; Option              ; Setting                                                       ;
+---------------------+---------------------------------------------------------------+
; Raw Binary File     ;                                                               ;
;  Compression Ratio  ; 3                                                             ;
+---------------------+---------------------------------------------------------------+


+--------------------+
; Assembler Messages ;
+--------------------+
Info: *******************************************************************
Info: Running Quartus Prime Assembler
    Info: Version 18.1.0 Build 625 09/12/2018 SJ Lite Edition
    Info: Processing started: Sat Nov 30 11:00:46 2019
Info: Command: quartus_asm --read_settings_files=off --write_settings_files=off HACK -c Hack
Warning (125092): Tcl Script File OcmRAM.qip not found
    Info (125063): set_global_assignment -name QIP_FILE OcmRAM.qip
Warning (125092): Tcl Script File OcmROM.qip not found
    Info (125063): set_global_assignment -name QIP_FILE OcmROM.qip
Info (115030): Assembler is generating device programming files
Info: Quartus Prime Assembler was successful. 0 errors, 2 warnings
    Info: Peak virtual memory: 4921 megabytes
    Info: Processing ended: Sat Nov 30 11:01:05 2019
    Info: Elapsed time: 00:00:19
    Info: Total CPU time (on all processors): 00:00:16


