#! /usr/local/bin/vvp
:ivl_version "10.1 (stable)" "(v10_1_1)";
:ivl_delay_selection "TYPICAL";
:vpi_time_precision + 0;
:vpi_module "system";
:vpi_module "vhdl_sys";
:vpi_module "v2005_math";
:vpi_module "va_math";
S_0x1049430fde00 .scope module, "my_and" "my_and" 2 3;
 .timescale 0 0;
    .port_info 0 /OUTPUT 1 "c"
    .port_info 1 /INPUT 1 "a"
    .port_info 2 /INPUT 1 "b"
o0x10491a26f0c8 .functor BUFZ 1, C4<z>; HiZ drive
o0x10491a26f0f8 .functor BUFZ 1, C4<z>; HiZ drive
L_0x1049d14b6880 .functor NAND 1, o0x10491a26f0c8, o0x10491a26f0f8, C4<1>, C4<1>;
v0x104972abf600_0 .net "a", 0 0, o0x10491a26f0c8;  0 drivers
v0x1049b7d74700_0 .net "b", 0 0, o0x10491a26f0f8;  0 drivers
v0x1049c5f88b00_0 .net "c", 0 0, L_0x10498474ec00;  1 drivers
v0x104972abf800_0 .net "d", 0 0, L_0x1049d14b6880;  1 drivers
S_0x1049470e6a00 .scope module, "u2" "my_not" 2 10, 3 1 0, S_0x1049430fde00;
 .timescale 0 0;
    .port_info 0 /OUTPUT 1 "b"
    .port_info 1 /INPUT 1 "a"
L_0x10498474ec00 .functor NAND 1, L_0x1049d14b6880, L_0x1049d14b6880, C4<1>, C4<1>;
v0x1049c5f88400_0 .net "a", 0 0, L_0x1049d14b6880;  alias, 1 drivers
v0x1049b7d74600_0 .net "b", 0 0, L_0x10498474ec00;  alias, 1 drivers
S_0x1048f81d1400 .scope module, "test_my_or" "test_my_or" 4 3;
 .timescale 0 0;
v0x1049c5f88500_0 .var "a", 0 0;
v0x1049c5f88a00_0 .var "b", 0 0;
v0x1049b7d74900_0 .net "c", 0 0, L_0x1049b4e1d980;  1 drivers
v0x1049c5f88d00_0 .var "expected", 0 0;
S_0x1049d14b7200 .scope module, "u1" "my_or" 4 10, 5 3 0, S_0x1048f81d1400;
 .timescale 0 0;
    .port_info 0 /OUTPUT 1 "c"
    .port_info 1 /INPUT 1 "a"
    .port_info 2 /INPUT 1 "b"
L_0x1049b4e1d980 .functor NAND 1, L_0x1049d14b8a80, L_0x10498474e680, C4<1>, C4<1>;
v0x1049d14b9000_0 .net "a", 0 0, v0x1049c5f88500_0;  1 drivers
v0x104972abfd00_0 .net "a_n", 0 0, L_0x1049d14b8a80;  1 drivers
v0x104972abfe00_0 .net "b", 0 0, v0x1049c5f88a00_0;  1 drivers
v0x1049d14b9400_0 .net "b_n", 0 0, L_0x10498474e680;  1 drivers
v0x1049c5f88600_0 .net "c", 0 0, L_0x1049b4e1d980;  alias, 1 drivers
S_0x1049d14b7400 .scope module, "u1" "my_not" 5 9, 3 1 0, S_0x1049d14b7200;
 .timescale 0 0;
    .port_info 0 /OUTPUT 1 "b"
    .port_info 1 /INPUT 1 "a"
L_0x1049d14b8a80 .functor NAND 1, v0x1049c5f88500_0, v0x1049c5f88500_0, C4<1>, C4<1>;
v0x1049b7d74800_0 .net "a", 0 0, v0x1049c5f88500_0;  alias, 1 drivers
v0x104972abf100_0 .net "b", 0 0, L_0x1049d14b8a80;  alias, 1 drivers
S_0x1049470e6400 .scope module, "u2" "my_not" 5 10, 3 1 0, S_0x1049d14b7200;
 .timescale 0 0;
    .port_info 0 /OUTPUT 1 "b"
    .port_info 1 /INPUT 1 "a"
L_0x10498474e680 .functor NAND 1, v0x1049c5f88a00_0, v0x1049c5f88a00_0, C4<1>, C4<1>;
v0x1049d14b9f00_0 .net "a", 0 0, v0x1049c5f88a00_0;  alias, 1 drivers
v0x1049c5f88e00_0 .net "b", 0 0, L_0x10498474e680;  alias, 1 drivers
    .scope S_0x1048f81d1400;
T_0 ;
    %pushi/vec4 0, 0, 1;
    %store/vec4 v0x1049c5f88500_0, 0, 1;
    %pushi/vec4 0, 0, 1;
    %store/vec4 v0x1049c5f88a00_0, 0, 1;
    %pushi/vec4 0, 0, 1;
    %store/vec4 v0x1049c5f88d00_0, 0, 1;
    %delay 1, 0;
    %pushi/vec4 0, 0, 1;
    %store/vec4 v0x1049c5f88500_0, 0, 1;
    %pushi/vec4 1, 0, 1;
    %store/vec4 v0x1049c5f88a00_0, 0, 1;
    %pushi/vec4 1, 0, 1;
    %store/vec4 v0x1049c5f88d00_0, 0, 1;
    %delay 1, 0;
    %pushi/vec4 1, 0, 1;
    %store/vec4 v0x1049c5f88500_0, 0, 1;
    %pushi/vec4 0, 0, 1;
    %store/vec4 v0x1049c5f88a00_0, 0, 1;
    %pushi/vec4 1, 0, 1;
    %store/vec4 v0x1049c5f88d00_0, 0, 1;
    %delay 1, 0;
    %pushi/vec4 1, 0, 1;
    %store/vec4 v0x1049c5f88500_0, 0, 1;
    %pushi/vec4 1, 0, 1;
    %store/vec4 v0x1049c5f88a00_0, 0, 1;
    %pushi/vec4 1, 0, 1;
    %store/vec4 v0x1049c5f88d00_0, 0, 1;
    %end;
    .thread T_0;
    .scope S_0x1048f81d1400;
T_1 ;
    %vpi_call 4 32 "$monitor", "my_or %d %b %b (%b %b)", $time, v0x1049c5f88500_0, v0x1049c5f88a00_0, v0x1049b7d74900_0, v0x1049c5f88d00_0 {0 0 0};
    %end;
    .thread T_1;
# The file index is used to find the file name in the following table.
:file_names 6;
    "N/A";
    "<interactive>";
    "./my_and.v";
    "./my_not.v";
    "test_my_or.v";
    "./my_or.v";
